<?xml version="1.0" encoding="UTF-8"?>
<testng-results skipped="0" failed="2" ignored="0" total="3" passed="1">
  <reporter-output>
  </reporter-output>
  <suite name="Page Object Model" duration-ms="17923" started-at="2020-11-22T15:02:32 EST" finished-at="2020-11-22T15:02:50 EST">
    <groups>
    </groups>
    <test name="Really Simple CRM Login Test" duration-ms="11189" started-at="2020-11-22T15:02:32 EST" finished-at="2020-11-22T15:02:44 EST">
      <class name="testcasesReallyCRM.LoginTestReallyCRM">
        <test-method status="PASS" signature="loginTestReallyCRM(java.util.Hashtable)[pri:0, instance:testcasesReallyCRM.LoginTestReallyCRM@2d8f65a4]" name="loginTestReallyCRM" duration-ms="2800" started-at="2020-11-22T15:02:41 EST" data-provider="dp" finished-at="2020-11-22T15:02:43 EST">
          <params>
            <param index="0">
              <value>
                <![CDATA[{pass=Toma*1996, runmode=Y, id=leoalak@gmail.com}]]>
              </value>
            </param>
          </params>
          <reporter-output>
          </reporter-output>
        </test-method> <!-- loginTestReallyCRM -->
      </class> <!-- testcasesReallyCRM.LoginTestReallyCRM -->
    </test> <!-- Really Simple CRM Login Test -->
    <test name="Really Simple CRM Add Contact Test" duration-ms="2471" started-at="2020-11-22T15:02:44 EST" finished-at="2020-11-22T15:02:46 EST">
      <class name="testcasesReallyCRM.CreateContactTestReallyCRM">
        <test-method status="FAIL" signature="createcontactTestReallyCRM(java.util.Hashtable)[pri:0, instance:testcasesReallyCRM.CreateContactTestReallyCRM@4d50efb8]" name="createcontactTestReallyCRM" duration-ms="2446" started-at="2020-11-22T15:02:44 EST" data-provider="dp" finished-at="2020-11-22T15:02:46 EST">
          <params>
            <param index="0">
              <value>
                <![CDATA[{country=Congo, localcity=new york, manager=Self, assistant=John, localzip=22345.0, other=6544.0, phone=12345.0, email=a@gmail.com, first =toma, localaddress=beula st, title=Mr, last=dutta, cell=4567.0, middle=kanti}]]>
              </value>
            </param>
          </params>
          <exception class="java.lang.IllegalArgumentException">
            <message>
              <![CDATA[Keys to send should be a not null CharSequence]]>
            </message>
            <full-stacktrace>
              <![CDATA[java.lang.IllegalArgumentException: Keys to send should be a not null CharSequence
at org.openqa.selenium.remote.RemoteWebElement.sendKeys(RemoteWebElement.java:97)
at base.Page.type(Page.java:167)
at pagesReallyCRM.CreateContactReallyCRM.createContact(CreateContactReallyCRM.java:9)
at testcasesReallyCRM.CreateContactTestReallyCRM.createcontactTestReallyCRM(CreateContactTestReallyCRM.java:18)
at sun.reflect.NativeMethodAccessorImpl.invoke0(Native Method)
at sun.reflect.NativeMethodAccessorImpl.invoke(NativeMethodAccessorImpl.java:62)
at sun.reflect.DelegatingMethodAccessorImpl.invoke(DelegatingMethodAccessorImpl.java:43)
at java.lang.reflect.Method.invoke(Method.java:498)
at org.testng.internal.MethodInvocationHelper.invokeMethod(MethodInvocationHelper.java:132)
at org.testng.internal.TestInvoker.invokeMethod(TestInvoker.java:599)
at org.testng.internal.TestInvoker.invokeTestMethod(TestInvoker.java:174)
at org.testng.internal.MethodRunner.runInSequence(MethodRunner.java:46)
at org.testng.internal.TestInvoker$MethodInvocationAgent.invoke(TestInvoker.java:822)
at org.testng.internal.TestInvoker.invokeTestMethods(TestInvoker.java:147)
at org.testng.internal.TestMethodWorker.invokeTestMethods(TestMethodWorker.java:146)
at org.testng.internal.TestMethodWorker.run(TestMethodWorker.java:128)
at java.util.ArrayList.forEach(ArrayList.java:1257)
at org.testng.TestRunner.privateRun(TestRunner.java:764)
at org.testng.TestRunner.run(TestRunner.java:585)
at org.testng.SuiteRunner.runTest(SuiteRunner.java:384)
at org.testng.SuiteRunner.runSequentially(SuiteRunner.java:378)
at org.testng.SuiteRunner.privateRun(SuiteRunner.java:337)
at org.testng.SuiteRunner.run(SuiteRunner.java:286)
at org.testng.SuiteRunnerWorker.runSuite(SuiteRunnerWorker.java:53)
at org.testng.SuiteRunnerWorker.run(SuiteRunnerWorker.java:96)
at org.testng.TestNG.runSuitesSequentially(TestNG.java:1218)
at org.testng.TestNG.runSuitesLocally(TestNG.java:1140)
at org.testng.TestNG.runSuites(TestNG.java:1069)
at org.testng.TestNG.run(TestNG.java:1037)
at org.testng.remote.AbstractRemoteTestNG.run(AbstractRemoteTestNG.java:115)
at org.testng.remote.RemoteTestNG.initAndRun(RemoteTestNG.java:251)
at org.testng.remote.RemoteTestNG.main(RemoteTestNG.java:77)
]]>
            </full-stacktrace>
          </exception> <!-- java.lang.IllegalArgumentException -->
          <reporter-output>
          </reporter-output>
        </test-method> <!-- createcontactTestReallyCRM -->
      </class> <!-- testcasesReallyCRM.CreateContactTestReallyCRM -->
    </test> <!-- Really Simple CRM Add Contact Test -->
    <test name="Really Simple CRM Add Account Test" duration-ms="4183" started-at="2020-11-22T15:02:46 EST" finished-at="2020-11-22T15:02:50 EST">
      <class name="testcasesReallyCRM.AddAccountTestRCRM">
        <test-method status="FAIL" signature="addaccountTestRCRM(java.util.Hashtable)[pri:0, instance:testcasesReallyCRM.AddAccountTestRCRM@2353b3e6]" name="addaccountTestRCRM" duration-ms="4173" started-at="2020-11-22T15:02:46 EST" data-provider="dp" finished-at="2020-11-22T15:02:50 EST">
          <params>
            <param index="0">
              <value>
                <![CDATA[{state=Virginia, name=Alak, website=www.gmail.com, zip=2345.0, typed=Press, city=Alexandria, sectord=Banking, phone=23456.0, address=duke st}]]>
              </value>
            </param>
          </params>
          <exception class="org.openqa.selenium.NoSuchElementException">
            <message>
              <![CDATA[Cannot locate an element using css selector=#form_input_contactaddresszip
For documentation on this error, please visit: https://www.seleniumhq.org/exceptions/no_such_element.html
Build info: version: '3.141.59', revision: 'e82be7d358', time: '2018-11-14T08:17:03'
System info: host: 'DESKTOP-TA3D90D', ip: '192.168.0.10', os.name: 'Windows 10', os.arch: 'amd64', os.version: '10.0', java.version: '1.8.0_192'
Driver info: driver.version: RemoteWebDriver]]>
            </message>
            <full-stacktrace>
              <![CDATA[org.openqa.selenium.NoSuchElementException: Cannot locate an element using css selector=#form_input_contactaddresszip
For documentation on this error, please visit: https://www.seleniumhq.org/exceptions/no_such_element.html
Build info: version: '3.141.59', revision: 'e82be7d358', time: '2018-11-14T08:17:03'
System info: host: 'DESKTOP-TA3D90D', ip: '192.168.0.10', os.name: 'Windows 10', os.arch: 'amd64', os.version: '10.0', java.version: '1.8.0_192'
Driver info: driver.version: RemoteWebDriver
at org.openqa.selenium.remote.RemoteWebDriver.findElement(RemoteWebDriver.java:327)
at org.openqa.selenium.remote.RemoteWebDriver.findElementByCssSelector(RemoteWebDriver.java:420)
at org.openqa.selenium.By$ByCssSelector.findElement(By.java:431)
at org.openqa.selenium.remote.RemoteWebDriver.findElement(RemoteWebDriver.java:315)
at base.Page.type(Page.java:167)
at pagesReallyCRM.AddAccountpage.createAccount(AddAccountpage.java:10)
at testcasesReallyCRM.AddAccountTestRCRM.addaccountTestRCRM(AddAccountTestRCRM.java:19)
at sun.reflect.NativeMethodAccessorImpl.invoke0(Native Method)
at sun.reflect.NativeMethodAccessorImpl.invoke(NativeMethodAccessorImpl.java:62)
at sun.reflect.DelegatingMethodAccessorImpl.invoke(DelegatingMethodAccessorImpl.java:43)
at java.lang.reflect.Method.invoke(Method.java:498)
at org.testng.internal.MethodInvocationHelper.invokeMethod(MethodInvocationHelper.java:132)
at org.testng.internal.TestInvoker.invokeMethod(TestInvoker.java:599)
at org.testng.internal.TestInvoker.invokeTestMethod(TestInvoker.java:174)
at org.testng.internal.MethodRunner.runInSequence(MethodRunner.java:46)
at org.testng.internal.TestInvoker$MethodInvocationAgent.invoke(TestInvoker.java:822)
at org.testng.internal.TestInvoker.invokeTestMethods(TestInvoker.java:147)
at org.testng.internal.TestMethodWorker.invokeTestMethods(TestMethodWorker.java:146)
at org.testng.internal.TestMethodWorker.run(TestMethodWorker.java:128)
at java.util.ArrayList.forEach(ArrayList.java:1257)
at org.testng.TestRunner.privateRun(TestRunner.java:764)
at org.testng.TestRunner.run(TestRunner.java:585)
at org.testng.SuiteRunner.runTest(SuiteRunner.java:384)
at org.testng.SuiteRunner.runSequentially(SuiteRunner.java:378)
at org.testng.SuiteRunner.privateRun(SuiteRunner.java:337)
at org.testng.SuiteRunner.run(SuiteRunner.java:286)
at org.testng.SuiteRunnerWorker.runSuite(SuiteRunnerWorker.java:53)
at org.testng.SuiteRunnerWorker.run(SuiteRunnerWorker.java:96)
at org.testng.TestNG.runSuitesSequentially(TestNG.java:1218)
at org.testng.TestNG.runSuitesLocally(TestNG.java:1140)
at org.testng.TestNG.runSuites(TestNG.java:1069)
at org.testng.TestNG.run(TestNG.java:1037)
at org.testng.remote.AbstractRemoteTestNG.run(AbstractRemoteTestNG.java:115)
at org.testng.remote.RemoteTestNG.initAndRun(RemoteTestNG.java:251)
at org.testng.remote.RemoteTestNG.main(RemoteTestNG.java:77)
]]>
            </full-stacktrace>
          </exception> <!-- org.openqa.selenium.NoSuchElementException -->
          <reporter-output>
          </reporter-output>
        </test-method> <!-- addaccountTestRCRM -->
      </class> <!-- testcasesReallyCRM.AddAccountTestRCRM -->
    </test> <!-- Really Simple CRM Add Account Test -->
  </suite> <!-- Page Object Model -->
</testng-results>
